# JRE version: OpenJDK Runtime Environment Temurin-17.0.7+7 (17.0.7+7) (build 17.0.7+7)
# Java VM: OpenJDK 64-Bit Server VM Temurin-17.0.7+7 (17.0.7+7, mixed mode, sharing, tiered, compressed oops, compressed class ptrs, g1 gc, windows-amd64)
GC Precious Log:
 CPUs: 8 total, 8 available
 Memory: 15973M
 Large Page Support: Disabled
 NUMA Support: Disabled
 Compressed Oops: Enabled (Zero based)
 Heap Region Size: 2M
 Heap Min Capacity: 512M
 Heap Initial Capacity: 512M
 Heap Max Capacity: 4072M
 Pre-touch: Disabled
 Parallel Workers: 8
 Concurrent Workers: 2
 Concurrent Refinement Workers: 8
 Periodic GC: Disabled
 String Deduplication is enabled
Heap:
 garbage-first heap   total 524288K, used 167104K [0x0000000701800000, 0x0000000800000000)
  region size 2048K, 37 young (75776K), 1 survivors (2048K)
 Metaspace       used 106795K, committed 107264K, reserved 1179648K
  class space    used 15475K, committed 15680K, reserved 1048576K
GC Heap History (20 events):
Event: 10789.238 GC heap before
{Heap before GC invocations=275 (full 10):
 garbage-first heap   total 524288K, used 201095K [0x0000000701800000, 0x0000000800000000)
  region size 2048K, 40 young (81920K), 4 survivors (8192K)
 Metaspace       used 106687K, committed 107136K, reserved 1179648K
  class space    used 15469K, committed 15680K, reserved 1048576K
}
Event: 10789.317 GC heap after
{Heap after GC invocations=276 (full 10):
 garbage-first heap   total 1507328K, used 132116K [0x0000000701800000, 0x0000000800000000)
  region size 2048K, 3 young (6144K), 3 survivors (6144K)
 Metaspace       used 106687K, committed 107136K, reserved 1179648K
  class space    used 15469K, committed 15680K, reserved 1048576K
}
Event: 10793.745 GC heap before
{Heap before GC invocations=276 (full 10):
 garbage-first heap   total 1507328K, used 211988K [0x0000000701800000, 0x0000000800000000)
  region size 2048K, 40 young (81920K), 3 survivors (6144K)
 Metaspace       used 106700K, committed 107136K, reserved 1179648K
  class space    used 15469K, committed 15680K, reserved 1048576K
}
Event: 10793.760 GC heap after
{Heap after GC invocations=277 (full 10):
 garbage-first heap   total 1507328K, used 138264K [0x0000000701800000, 0x0000000800000000)
  region size 2048K, 4 young (8192K), 4 survivors (8192K)
 Metaspace       used 106700K, committed 107136K, reserved 1179648K
  class space    used 15469K, committed 15680K, reserved 1048576K
}
Event: 10793.838 GC heap before
{Heap before GC invocations=277 (full 10):
 garbage-first heap   total 1507328K, used 142360K [0x0000000701800000, 0x0000000800000000)
  region size 2048K, 7 young (14336K), 4 survivors (8192K)
 Metaspace       used 106704K, committed 107136K, reserved 1179648K
  class space    used 15469K, committed 15680K, reserved 1048576K
}
Event: 10793.959 GC heap after
{Heap after GC invocations=278 (full 11):
 garbage-first heap   total 524288K, used 96389K [0x0000000701800000, 0x0000000800000000)
  region size 2048K, 0 young (0K), 0 survivors (0K)
 Metaspace       used 106704K, committed 107136K, reserved 1179648K
  class space    used 15469K, committed 15680K, reserved 1048576K
}
Event: 10799.841 GC heap before
{Heap before GC invocations=278 (full 11):
 garbage-first heap   total 524288K, used 178309K [0x0000000701800000, 0x0000000800000000)
  region size 2048K, 40 young (81920K), 0 survivors (0K)
 Metaspace       used 106736K, committed 107200K, reserved 1179648K
  class space    used 15469K, committed 15680K, reserved 1048576K
}
Event: 10799.850 GC heap after
{Heap after GC invocations=279 (full 11):
 garbage-first heap   total 524288K, used 98437K [0x0000000701800000, 0x0000000800000000)
  region size 2048K, 1 young (2048K), 1 survivors (2048K)
 Metaspace       used 106736K, committed 107200K, reserved 1179648K
  class space    used 15469K, committed 15680K, reserved 1048576K
}
Event: 10882.930 GC heap before
{Heap before GC invocations=279 (full 11):
 garbage-first heap   total 524288K, used 178309K [0x0000000701800000, 0x0000000800000000)
  region size 2048K, 40 young (81920K), 1 survivors (2048K)
 Metaspace       used 106736K, committed 107200K, reserved 1179648K
  class space    used 15469K, committed 15680K, reserved 1048576K
}
Event: 10882.941 GC heap after
{Heap after GC invocations=280 (full 11):
 garbage-first heap   total 524288K, used 97543K [0x0000000701800000, 0x0000000800000000)
  region size 2048K, 1 young (2048K), 1 survivors (2048K)
 Metaspace       used 106736K, committed 107200K, reserved 1179648K
  class space    used 15469K, committed 15680K, reserved 1048576K
}
Event: 11004.505 GC heap before
{Heap before GC invocations=280 (full 11):
 garbage-first heap   total 524288K, used 177415K [0x0000000701800000, 0x0000000800000000)
  region size 2048K, 40 young (81920K), 1 survivors (2048K)
 Metaspace       used 106760K, committed 107200K, reserved 1179648K
  class space    used 15475K, committed 15680K, reserved 1048576K
}
Event: 11004.507 GC heap after
{Heap after GC invocations=281 (full 11):
 garbage-first heap   total 524288K, used 97340K [0x0000000701800000, 0x0000000800000000)
  region size 2048K, 1 young (2048K), 1 survivors (2048K)
 Metaspace       used 106760K, committed 107200K, reserved 1179648K
  class space    used 15475K, committed 15680K, reserved 1048576K
}
Event: 11108.093 GC heap before
{Heap before GC invocations=281 (full 11):
 garbage-first heap   total 524288K, used 177212K [0x0000000701800000, 0x0000000800000000)
  region size 2048K, 40 young (81920K), 1 survivors (2048K)
 Metaspace       used 106760K, committed 107200K, reserved 1179648K
  class space    used 15475K, committed 15680K, reserved 1048576K
}
Event: 11108.101 GC heap after
{Heap after GC invocations=282 (full 11):
 garbage-first heap   total 524288K, used 97418K [0x0000000701800000, 0x0000000800000000)
  region size 2048K, 1 young (2048K), 1 survivors (2048K)
 Metaspace       used 106760K, committed 107200K, reserved 1179648K
  class space    used 15475K, committed 15680K, reserved 1048576K
}
Event: 11206.809 GC heap before
{Heap before GC invocations=282 (full 11):
 garbage-first heap   total 524288K, used 177290K [0x0000000701800000, 0x0000000800000000)
  region size 2048K, 40 young (81920K), 1 survivors (2048K)
 Metaspace       used 106760K, committed 107200K, reserved 1179648K
  class space    used 15475K, committed 15680K, reserved 1048576K
}
Event: 11206.816 GC heap after
{Heap after GC invocations=283 (full 11):
 garbage-first heap   total 524288K, used 97404K [0x0000000701800000, 0x0000000800000000)
  region size 2048K, 1 young (2048K), 1 survivors (2048K)
 Metaspace       used 106760K, committed 107200K, reserved 1179648K
  class space    used 15475K, committed 15680K, reserved 1048576K
}
Event: 11309.396 GC heap before
{Heap before GC invocations=283 (full 11):
 garbage-first heap   total 524288K, used 177276K [0x0000000701800000, 0x0000000800000000)
  region size 2048K, 40 young (81920K), 1 survivors (2048K)
 Metaspace       used 106760K, committed 107200K, reserved 1179648K
  class space    used 15475K, committed 15680K, reserved 1048576K
}
Event: 11309.401 GC heap after
{Heap after GC invocations=284 (full 11):
 garbage-first heap   total 524288K, used 97427K [0x0000000701800000, 0x0000000800000000)
  region size 2048K, 1 young (2048K), 1 survivors (2048K)
 Metaspace       used 106760K, committed 107200K, reserved 1179648K
  class space    used 15475K, committed 15680K, reserved 1048576K
}
Event: 11429.834 GC heap before
{Heap before GC invocations=284 (full 11):
 garbage-first heap   total 524288K, used 177299K [0x0000000701800000, 0x0000000800000000)
  region size 2048K, 40 young (81920K), 1 survivors (2048K)
 Metaspace       used 106760K, committed 107200K, reserved 1179648K
  class space    used 15475K, committed 15680K, reserved 1048576K
}
Event: 11429.840 GC heap after
{Heap after GC invocations=285 (full 11):
 garbage-first heap   total 524288K, used 97472K [0x0000000701800000, 0x0000000800000000)
  region size 2048K, 1 young (2048K), 1 survivors (2048K)
 Metaspace       used 106760K, committed 107200K, reserved 1179648K
  class space    used 15475K, committed 15680K, reserved 1048576K
}

